Task Name: Mapping1
Agent Group Id: 025000000000002
Agent Group Name: Informatica Cloud Hosted Agent
Agent Id: 00800000000000N
11/25/2021 04:32:21 **** Importing Connection: Conn_01BTEW0B000000000002 ...
11/25/2021 04:32:21 **** Importing Source Definition: Phones ...
11/25/2021 04:32:21 **** Importing Target Definition: Budget_Phones ...
11/25/2021 04:32:21 **** Importing SessionConfig: default_session_config ...
    <Warning> :  The Error Log DB Connection value should have Relational: as the prefix.
    <Warning> :  Invalid value  for attribute Error Log DB Connection. Will use the default value 
    Validating Source Definition  Phones...
    Validating Target Definition  Budget_Phones...
11/25/2021 04:32:22 **** Importing Mapping: Mapping0 ...
    <Warning> :  transformation: Source - Invalid value  for attribute Output is repeatable. Will use the default value Never    [transformation< Source > ] 
Validating transformations of mapping Mapping0...
Validating mapping variable(s).
11/25/2021 04:32:22 **** Importing Workflow: wf_mtt_01BTEW0Z000000000002 ...
    <Warning> :  The value entered is not a valid integer.
    <Warning> :  Invalid value NO for attribute Fail task after wait time. Will use the default value 
Successfully extracted session instance [s_mtt_01BTEW0Z000000000002].  Starting repository sequence id is [-1172560591]
DIRECTOR> VAR_27085 [2021-11-25 04:32:22.023] Parameter file [/data2/home/cldagnt/SystemAgent/apps/Data_Integration_Server/data/01BTEW0E00000000005L/01BTEW/parameters/s_mtt_01BTEW0Z000000000002.param] is opened for [session [wf_mtt_01BTEW0Z000000000002.s_mtt_01BTEW0Z000000000002]].
DIRECTOR> VAR_27062 [2021-11-25 04:32:22.023] Warning! Cannot find section for worklet [wf_mtt_01BTEW0Z000000000002] and folder [] in parameter file [/data2/home/cldagnt/SystemAgent/apps/Data_Integration_Server/data/01BTEW0E00000000005L/01BTEW/parameters/s_mtt_01BTEW0Z000000000002.param].
DIRECTOR> TM_6014 [2021-11-25 04:32:22.024] Initializing session [s_mtt_01BTEW0Z000000000002] at [Thu Nov 25 04:32:22 2021].
DIRECTOR> TM_6683 [2021-11-25 04:32:22.024] Repository Name: [XMLRepository]
DIRECTOR> TM_6684 [2021-11-25 04:32:22.024] Server Name: [rDTM]
DIRECTOR> TM_6686 [2021-11-25 04:32:22.024] Folder: []
DIRECTOR> TM_6685 [2021-11-25 04:32:22.024] Workflow: [wf_mtt_01BTEW0Z000000000002] Run Instance Name: [] Run Id: [0]
DIRECTOR> TM_6992 [2021-11-25 04:32:22.024] Opearting System Type [Linux]
DIRECTOR> TM_6101 [2021-11-25 04:32:22.024] Mapping name: Mapping0.
DIRECTOR> TM_6964 [2021-11-25 04:32:22.024] Date format for the Session is [MM/DD/YYYY HH24:MI:SS.US]
DIRECTOR> TM_6703 [2021-11-25 04:32:22.024] Session [s_mtt_01BTEW0Z000000000002] is run by 64-bit Integration Service  [], version [10.2.0 HotFix2], build [0320].
MANAGER> PETL_24091 [2021-11-25 04:32:22.035] Thread [MANAGER] has the ID [1].
MANAGER> PETL_24058 [2021-11-25 04:32:22.035] Running Partition Group [1].
MANAGER> PETL_24000 [2021-11-25 04:32:22.035] Parallel Pipeline Engine initializing.
MONITOR> PETL_24091 [2021-11-25 04:32:22.035] Thread [MONITOR] has the ID [2].
MANAGER> PETL_24001 [2021-11-25 04:32:22.036] Parallel Pipeline Engine running.
MANAGER> PETL_24003 [2021-11-25 04:32:22.036] Initializing session run.
MAPPING> PETL_24091 [2021-11-25 04:32:22.037] Thread [MAPPING] has the ID [3].
MAPPING> CMN_1569 [2021-11-25 04:32:22.039] Server Mode: [UNICODE]
MAPPING> CMN_1570 [2021-11-25 04:32:22.039] Server Code page: [ISO 8859-1 Western European]
MAPPING> TM_6151 [2021-11-25 04:32:22.039] The session sort order is [Binary].
MAPPING> TM_6185 [2021-11-25 04:32:22.039] Warning. Code page validation is disabled in this session.
MAPPING> CMN_65109 [2021-11-25 04:32:22.039] Current Timezone:[UTC +0:0]
MAPPING> CMN_65111 [2021-11-25 04:32:22.039] Current Process ID:[18211]
MAPPING> TM_6155 [2021-11-25 04:32:22.039] Using HIGH precision processing.
MAPPING> TM_6180 [2021-11-25 04:32:22.039] Deadlock retry logic will not be implemented.
MAPPING> TM_6187 [2021-11-25 04:32:22.039] Session target-based commit interval is [10000].
MAPPING> TM_6307 [2021-11-25 04:32:22.039] DTM error log disabled. 
MAPPING> TE_7022 [2021-11-25 04:32:22.039] TShmWriter: Initialized
MAPPING> TM_6007 [2021-11-25 04:32:22.041] DTM initialized successfully for session [s_mtt_01BTEW0Z000000000002]
DIRECTOR> PETL_24033 [2021-11-25 04:32:22.063] All DTM Connection Info: [<NONE>].
MANAGER> PETL_24004 [2021-11-25 04:32:22.063] Starting pre-session tasks. : (Thu Nov 25 04:32:22 2021)
PRE-SESS> PETL_24091 [2021-11-25 04:32:22.064] Thread [PRE-SESS] has the ID [4].
MANAGER> PETL_24027 [2021-11-25 04:32:22.065] Pre-session task completed successfully. : (Thu Nov 25 04:32:22 2021)
DIRECTOR> PETL_24006 [2021-11-25 04:32:22.065] Starting data movement.
MAPPING> TM_6660 [2021-11-25 04:32:22.065] Total Buffer Pool size is 11280640 bytes and Block size is 624480 bytes.
READER_1_1_1> PETL_24091 [2021-11-25 04:32:22.066] Thread [READER_1_1_1] has the ID [5].
READER_1_1_1> DBG_21438 [2021-11-25 04:32:22.067] Reader: Source is [odbc://dbtype=MySQL;host=remotemysql.com;port=3306;database=wOoJkjpNhU], Type [ODBC], User [wOoJkjpNhU]
READER_1_1_1> BLKR_16051 [2021-11-25 04:32:22.069] Source database connection [Conn_01BTEW0B000000000002] code page: [UTF-8 encoding of Unicode]
READER_1_1_1> CMN_1021 [2021-11-25 04:32:22.069] Database driver event...
CMN_1021 [Driver Manager used is [UnixODBC 2.3.4].]

READER_1_1_1> CMN_1021 [2021-11-25 04:32:23.434] Database driver event...
CMN_1021 [ODBC Event Using array fetches.
ODBC Event Using Single Row Inserts. connect string = [Driver=MySQL ODBC 8.0 Unicode Driver;Server=remotemysql.com;Database=wOoJkjpNhU;Port=3306;USER=wOoJkjpNhU;NO_SSPS=1;stmt=set time_zone = '+00:00';Charset=UTF8;OPTION=3;SSLMODE=DISABLED]. userid = [wOoJkjpNhU]
ODBC Version:	03.52
.
DBMS Name:	MySQL
.
DBMS Version:	8.0.13-4
.
Driver Name:	libmyodbc8w.so
.
Driver Version:	08.00.0012
.
Driver ODBC Version:	03.80
.
MySQL rewrite batch optimization is disabled with maximum bind parameter size set to 2500.]

READER_1_1_1> BLKR_16003 [2021-11-25 04:32:23.435] Initialization completed successfully.
TRANSF_1_1_1> PETL_24091 [2021-11-25 04:32:23.435] Thread [TRANSF_1_1_1] has the ID [6].
WRITER_1_*_1> PETL_24091 [2021-11-25 04:32:23.436] Thread [WRITER_1_*_1] has the ID [7].
WRITER_1_*_1> WRT_8147 [2021-11-25 04:32:23.436] Writer: Target is Database [odbc://dbtype=MySQL;host=remotemysql.com;port=3306;database=wOoJkjpNhU], Type [ODBC], User [wOoJkjpNhU], Bulk Mode [OFF]
WRITER_1_*_1> CMN_1021 [2021-11-25 04:32:23.436] Database driver event...
CMN_1021 [Driver Manager used is [UnixODBC 2.3.4].]

WRITER_1_*_1> CMN_1021 [2021-11-25 04:32:24.798] Database driver event...
CMN_1021 [ODBC Event Using array fetches.
ODBC Event Using Single Row Inserts. connect string = [Driver=MySQL ODBC 8.0 Unicode Driver;Server=remotemysql.com;Database=wOoJkjpNhU;Port=3306;USER=wOoJkjpNhU;NO_SSPS=1;stmt=set time_zone = '+00:00';Charset=UTF8;OPTION=3;SSLMODE=DISABLED]. userid = [wOoJkjpNhU]
ODBC Version:	03.52
.
DBMS Name:	MySQL
.
DBMS Version:	8.0.13-4
.
Driver Name:	libmyodbc8w.so
.
Driver Version:	08.00.0012
.
Driver ODBC Version:	03.80
.
MySQL rewrite batch optimization is disabled with maximum bind parameter size set to 2500.]

WRITER_1_*_1> WRT_8221 [2021-11-25 04:32:25.099] Target database connection [Conn_01BTEW0B000000000002] code page: [UTF-8 encoding of Unicode]
WRITER_1_*_1> WRT_8124 [2021-11-25 04:32:25.100] Target Table Budget_Phones :SQL INSERT statement:
INSERT INTO wOoJkjpNhU.Budget_Phones(Prod_ID,Prod_Name,Prod_Desc,Prod_Price)  VALUES ( ?, ?, ?, ?) 
WRITER_1_*_1> WRT_8020 [2021-11-25 04:32:25.100] No column marked as primary key for table [Budget_Phones]. UPDATEs Not Supported.
WRITER_1_*_1> WRT_8270 [2021-11-25 04:32:25.100] Target connection group #1 consists of target(s) [Budget_Phones]
WRITER_1_*_1> WRT_8003 [2021-11-25 04:32:25.100] Writer initialization complete.
READER_1_1_1> BLKR_16007 [2021-11-25 04:32:25.101] Reader run started.
READER_1_1_1> RR_4010 [2021-11-25 04:32:25.101] SQ instance [Source] SQL Query [SELECT wOoJkjpNhU.Phones.Prod_ID, wOoJkjpNhU.Phones.Prod_Name, wOoJkjpNhU.Phones.Prod_Desc, wOoJkjpNhU.Phones.Prod_Price FROM wOoJkjpNhU.Phones]
READER_1_1_1> RR_4049 [2021-11-25 04:32:25.101] SQL Query issued to database : (Thu Nov 25 04:32:25 2021)
WRITER_1_*_1> WRT_8005 [2021-11-25 04:32:25.101] Writer run started.
WRITER_1_*_1> WRT_8158 [2021-11-25 04:32:25.101] 

*****START LOAD SESSION*****

Load Start Time: Thu Nov 25 04:32:25 2021

Target tables:

     Budget_Phones


READER_1_1_1> RR_4050 [2021-11-25 04:32:25.254] First row returned from database to reader : (Thu Nov 25 04:32:25 2021)
READER_1_1_1> BLKR_16019 [2021-11-25 04:32:25.254] Read [100] rows, read [0] error rows for source table [Phones] instance name [Phones]
READER_1_1_1> BLKR_16008 [2021-11-25 04:32:25.255] Reader run completed.
TRANSF_1_1_1> DBG_21216 [2021-11-25 04:32:25.255] Finished transformations for Source Qualifier [Source]. Total errors [0] 
WRITER_1_*_1> WRT_8167 [2021-11-25 04:32:25.255] Start loading table [Budget_Phones] at: Thu Nov 25 04:32:25 2021
WRITER_1_*_1> WRT_8168 [2021-11-25 04:32:26.613] End loading table [Budget_Phones] at: Thu Nov 25 04:32:26 2021
WRITER_1_*_1> WRT_8141 [2021-11-25 04:32:26.769] 
Commit on end-of-data  Thu Nov 25 04:32:26 2021
===================================================

WRT_8036 Target: Budget_Phones (Instance Name: [Budget_Phones])
WRT_8038 Inserted rows - Requested: 9          Applied: 9          Rejected: 0          Affected: 9         

WRITER_1_*_1> WRT_8035 [2021-11-25 04:32:26.769] Load complete time: Thu Nov 25 04:32:26 2021

LOAD SUMMARY
============

WRT_8036 Target: Budget_Phones (Instance Name: [Budget_Phones])
WRT_8038 Inserted rows - Requested: 9          Applied: 9          Rejected: 0          Affected: 9         


WRITER_1_*_1> WRT_8043 [2021-11-25 04:32:26.769] *****END LOAD SESSION*****
WRITER_1_*_1> WRT_8006 [2021-11-25 04:32:26.922] Writer run completed.
MANAGER> PETL_24031 [2021-11-25 04:32:26.922] 
***** RUN INFO FOR TGT LOAD ORDER GROUP [1], CONCURRENT SET [1] *****
Thread [READER_1_1_1] created for [the read stage] of partition point [Source] has completed. The total run time was insufficient for any meaningful statistics.
Thread [TRANSF_1_1_1] created for [the transformation stage] of partition point [Source] has completed. The total run time was insufficient for any meaningful statistics.
Thread [WRITER_1_*_1] created for [the write stage] of partition point [Budget_Phones] has completed.
	Total Run Time = [1.666567] secs
	Total Idle Time = [0.000000] secs
	Busy Percentage = [100.000000]

MANAGER> PETL_24005 [2021-11-25 04:32:26.923] Starting post-session tasks. : (Thu Nov 25 04:32:26 2021)
POST-SESS> PETL_24091 [2021-11-25 04:32:26.923] Thread [POST-SESS] has the ID [8].
MANAGER> PETL_24029 [2021-11-25 04:32:26.924] Post-session task completed successfully. : (Thu Nov 25 04:32:26 2021)
MAPPING> TM_6018 [2021-11-25 04:32:26.924] The session completed with [0] row transformation errors. 
MANAGER> PETL_24002 [2021-11-25 04:32:27.042] Parallel Pipeline Engine finished.
DIRECTOR> PETL_24012 [2021-11-25 04:32:27.042] Session run completed successfully.
DIRECTOR> TM_6022 [2021-11-25 04:32:27.042] 

SESSION LOAD SUMMARY
================================================

DIRECTOR> TM_6252 [2021-11-25 04:32:27.042] Source Load Summary.
DIRECTOR> CMN_1740 [2021-11-25 04:32:27.042] Table: [Source] (Instance Name: [Source] Instance UI Name: [])
	 Output Rows [100], Affected Rows [100], Applied Rows [100], Rejected Rows [0]
DIRECTOR> TM_6253 [2021-11-25 04:32:27.042] Target Load Summary.
DIRECTOR> CMN_1740 [2021-11-25 04:32:27.042] Table: [Budget_Phones] (Instance Name: [Budget_Phones] Instance UI Name: [])
	 Output Rows [9], Affected Rows [9], Applied Rows [9], Rejected Rows [0]
DIRECTOR> TM_6023 [2021-11-25 04:32:27.042] 
===================================================

DIRECTOR> TM_6020 [2021-11-25 04:32:27.042] Session [s_mtt_01BTEW0Z000000000002] completed at [Thu Nov 25 04:32:27 2021].
