Task Name: Mapping1
Agent Group Id: 025000000000002
Agent Group Name: Informatica Cloud Hosted Agent
Agent Id: 00800000000000N
11/25/2021 04:44:30 **** Importing Connection: Conn_01BTEW0B000000000002 ...
11/25/2021 04:44:30 **** Importing Source Definition: Phones ...
11/25/2021 04:44:30 **** Importing Target Definition: Budget_Phones ...
11/25/2021 04:44:30 **** Importing Target Definition: Midrange_Phones ...
11/25/2021 04:44:30 **** Importing Target Definition: Luxury_Phones ...
11/25/2021 04:44:30 **** Importing SessionConfig: default_session_config ...
    <Warning> :  The Error Log DB Connection value should have Relational: as the prefix.
    <Warning> :  Invalid value  for attribute Error Log DB Connection. Will use the default value 
    Validating Source Definition  Phones...
    Validating Target Definition  Luxury_Phones...
    Validating Target Definition  Midrange_Phones...
    Validating Target Definition  Budget_Phones...
11/25/2021 04:44:30 **** Importing Mapping: Mapping0 ...
    <Warning> :  transformation: Source - Invalid value  for attribute Output is repeatable. Will use the default value Never    [transformation< Source > ] 
Validating transformations of mapping Mapping0...
Validating mapping variable(s).
11/25/2021 04:44:30 **** Importing Workflow: wf_mtt_01BTEW0Z000000000002 ...
    <Warning> :  The value entered is not a valid integer.
    <Warning> :  Invalid value NO for attribute Fail task after wait time. Will use the default value 
Successfully extracted session instance [s_mtt_01BTEW0Z000000000002].  Starting repository sequence id is [-1172560591]
DIRECTOR> VAR_27085 [2021-11-25 04:44:30.272] Parameter file [/data2/home/cldagnt/SystemAgent/apps/Data_Integration_Server/data/01BTEW0E00000000005M/01BTEW/parameters/s_mtt_01BTEW0Z000000000002.param] is opened for [session [wf_mtt_01BTEW0Z000000000002.s_mtt_01BTEW0Z000000000002]].
DIRECTOR> VAR_27062 [2021-11-25 04:44:30.272] Warning! Cannot find section for worklet [wf_mtt_01BTEW0Z000000000002] and folder [] in parameter file [/data2/home/cldagnt/SystemAgent/apps/Data_Integration_Server/data/01BTEW0E00000000005M/01BTEW/parameters/s_mtt_01BTEW0Z000000000002.param].
DIRECTOR> TM_6014 [2021-11-25 04:44:30.272] Initializing session [s_mtt_01BTEW0Z000000000002] at [Thu Nov 25 04:44:30 2021].
DIRECTOR> TM_6683 [2021-11-25 04:44:30.272] Repository Name: [XMLRepository]
DIRECTOR> TM_6684 [2021-11-25 04:44:30.272] Server Name: [rDTM]
DIRECTOR> TM_6686 [2021-11-25 04:44:30.272] Folder: []
DIRECTOR> TM_6685 [2021-11-25 04:44:30.272] Workflow: [wf_mtt_01BTEW0Z000000000002] Run Instance Name: [] Run Id: [0]
DIRECTOR> TM_6992 [2021-11-25 04:44:30.272] Opearting System Type [Linux]
DIRECTOR> TM_6101 [2021-11-25 04:44:30.272] Mapping name: Mapping0.
DIRECTOR> TM_6964 [2021-11-25 04:44:30.273] Date format for the Session is [MM/DD/YYYY HH24:MI:SS.US]
DIRECTOR> TM_6703 [2021-11-25 04:44:30.273] Session [s_mtt_01BTEW0Z000000000002] is run by 64-bit Integration Service  [], version [10.2.0 HotFix2], build [0320].
MANAGER> PETL_24091 [2021-11-25 04:44:30.283] Thread [MANAGER] has the ID [1].
MANAGER> PETL_24058 [2021-11-25 04:44:30.283] Running Partition Group [1].
MANAGER> PETL_24000 [2021-11-25 04:44:30.283] Parallel Pipeline Engine initializing.
MONITOR> PETL_24091 [2021-11-25 04:44:30.284] Thread [MONITOR] has the ID [2].
MANAGER> PETL_24001 [2021-11-25 04:44:30.284] Parallel Pipeline Engine running.
MANAGER> PETL_24003 [2021-11-25 04:44:30.284] Initializing session run.
MAPPING> PETL_24091 [2021-11-25 04:44:30.285] Thread [MAPPING] has the ID [3].
MAPPING> CMN_1569 [2021-11-25 04:44:30.287] Server Mode: [UNICODE]
MAPPING> CMN_1570 [2021-11-25 04:44:30.287] Server Code page: [ISO 8859-1 Western European]
MAPPING> TM_6151 [2021-11-25 04:44:30.287] The session sort order is [Binary].
MAPPING> TM_6185 [2021-11-25 04:44:30.287] Warning. Code page validation is disabled in this session.
MAPPING> CMN_65109 [2021-11-25 04:44:30.287] Current Timezone:[UTC +0:0]
MAPPING> CMN_65111 [2021-11-25 04:44:30.287] Current Process ID:[19945]
MAPPING> TM_6155 [2021-11-25 04:44:30.287] Using HIGH precision processing.
MAPPING> TM_6180 [2021-11-25 04:44:30.287] Deadlock retry logic will not be implemented.
MAPPING> TM_6187 [2021-11-25 04:44:30.287] Session target-based commit interval is [10000].
MAPPING> TM_6307 [2021-11-25 04:44:30.287] DTM error log disabled. 
MAPPING> TE_7022 [2021-11-25 04:44:30.288] TShmWriter: Initialized
MAPPING> TM_6007 [2021-11-25 04:44:30.290] DTM initialized successfully for session [s_mtt_01BTEW0Z000000000002]
DIRECTOR> PETL_24033 [2021-11-25 04:44:30.312] All DTM Connection Info: [<NONE>].
MANAGER> PETL_24004 [2021-11-25 04:44:30.312] Starting pre-session tasks. : (Thu Nov 25 04:44:30 2021)
PRE-SESS> PETL_24091 [2021-11-25 04:44:30.313] Thread [PRE-SESS] has the ID [4].
MANAGER> PETL_24027 [2021-11-25 04:44:30.314] Pre-session task completed successfully. : (Thu Nov 25 04:44:30 2021)
DIRECTOR> PETL_24006 [2021-11-25 04:44:30.314] Starting data movement.
MAPPING> TM_6660 [2021-11-25 04:44:30.314] Total Buffer Pool size is 23810240 bytes and Block size is 624480 bytes.
READER_1_1_1> PETL_24091 [2021-11-25 04:44:30.315] Thread [READER_1_1_1] has the ID [5].
READER_1_1_1> DBG_21438 [2021-11-25 04:44:30.316] Reader: Source is [odbc://dbtype=MySQL;host=remotemysql.com;port=3306;database=wOoJkjpNhU], Type [ODBC], User [wOoJkjpNhU]
READER_1_1_1> BLKR_16051 [2021-11-25 04:44:30.318] Source database connection [Conn_01BTEW0B000000000002] code page: [UTF-8 encoding of Unicode]
READER_1_1_1> CMN_1021 [2021-11-25 04:44:30.318] Database driver event...
CMN_1021 [Driver Manager used is [UnixODBC 2.3.4].]

READER_1_1_1> CMN_1021 [2021-11-25 04:44:31.759] Database driver event...
CMN_1021 [ODBC Event Using array fetches.
ODBC Event Using Single Row Inserts. connect string = [Driver=MySQL ODBC 8.0 Unicode Driver;Server=remotemysql.com;Database=wOoJkjpNhU;Port=3306;USER=wOoJkjpNhU;NO_SSPS=1;stmt=set time_zone = '+00:00';Charset=UTF8;OPTION=3;SSLMODE=DISABLED]. userid = [wOoJkjpNhU]
ODBC Version:	03.52
.
DBMS Name:	MySQL
.
DBMS Version:	8.0.13-4
.
Driver Name:	libmyodbc8w.so
.
Driver Version:	08.00.0012
.
Driver ODBC Version:	03.80
.
MySQL rewrite batch optimization is disabled with maximum bind parameter size set to 2500.]

READER_1_1_1> BLKR_16003 [2021-11-25 04:44:31.759] Initialization completed successfully.
TRANSF_1_1_1> PETL_24091 [2021-11-25 04:44:31.759] Thread [TRANSF_1_1_1] has the ID [6].
WRITER_1_*_1> PETL_24091 [2021-11-25 04:44:31.760] Thread [WRITER_1_*_1] has the ID [7].
WRITER_1_*_1> WRT_8147 [2021-11-25 04:44:31.760] Writer: Target is Database [odbc://dbtype=MySQL;host=remotemysql.com;port=3306;database=wOoJkjpNhU], Type [ODBC], User [wOoJkjpNhU], Bulk Mode [OFF]
WRITER_1_*_1> CMN_1021 [2021-11-25 04:44:31.760] Database driver event...
CMN_1021 [Driver Manager used is [UnixODBC 2.3.4].]

WRITER_1_*_1> CMN_1021 [2021-11-25 04:44:33.106] Database driver event...
CMN_1021 [ODBC Event Using array fetches.
ODBC Event Using Single Row Inserts. connect string = [Driver=MySQL ODBC 8.0 Unicode Driver;Server=remotemysql.com;Database=wOoJkjpNhU;Port=3306;USER=wOoJkjpNhU;NO_SSPS=1;stmt=set time_zone = '+00:00';Charset=UTF8;OPTION=3;SSLMODE=DISABLED]. userid = [wOoJkjpNhU]
ODBC Version:	03.52
.
DBMS Name:	MySQL
.
DBMS Version:	8.0.13-4
.
Driver Name:	libmyodbc8w.so
.
Driver Version:	08.00.0012
.
Driver ODBC Version:	03.80
.
MySQL rewrite batch optimization is disabled with maximum bind parameter size set to 2500.]

WRITER_1_*_1> WRT_8221 [2021-11-25 04:44:33.406] Target database connection [Conn_01BTEW0B000000000002] code page: [UTF-8 encoding of Unicode]
WRITER_1_*_1> WRT_8124 [2021-11-25 04:44:33.407] Target Table Budget_Phones :SQL INSERT statement:
INSERT INTO wOoJkjpNhU.Budget_Phones(Prod_ID,Prod_Name,Prod_Desc,Prod_Price)  VALUES ( ?, ?, ?, ?) 
WRITER_1_*_1> WRT_8020 [2021-11-25 04:44:33.407] No column marked as primary key for table [Budget_Phones]. UPDATEs Not Supported.
WRITER_1_*_1> WRT_8147 [2021-11-25 04:44:33.407] Writer: Target is Database [odbc://dbtype=MySQL;host=remotemysql.com;port=3306;database=wOoJkjpNhU], Type [ODBC], User [wOoJkjpNhU], Bulk Mode [OFF]
WRITER_1_*_1> WRT_8124 [2021-11-25 04:44:33.408] Target Table Midrange_Phones :SQL INSERT statement:
INSERT INTO wOoJkjpNhU.Midrange_Phones(Prod_ID,Prod_Name,Prod_Desc,Prod_Price)  VALUES ( ?, ?, ?, ?) 
WRITER_1_*_1> WRT_8020 [2021-11-25 04:44:33.408] No column marked as primary key for table [Midrange_Phones]. UPDATEs Not Supported.
WRITER_1_*_1> WRT_8147 [2021-11-25 04:44:33.408] Writer: Target is Database [odbc://dbtype=MySQL;host=remotemysql.com;port=3306;database=wOoJkjpNhU], Type [ODBC], User [wOoJkjpNhU], Bulk Mode [OFF]
WRITER_1_*_1> WRT_8124 [2021-11-25 04:44:33.409] Target Table Luxury_Phones :SQL INSERT statement:
INSERT INTO wOoJkjpNhU.Luxury_Phones(Prod_ID,Prod_Name,Prod_Desc,Prod_Price)  VALUES ( ?, ?, ?, ?) 
WRITER_1_*_1> WRT_8020 [2021-11-25 04:44:33.409] No column marked as primary key for table [Luxury_Phones]. UPDATEs Not Supported.
WRITER_1_*_1> WRT_8270 [2021-11-25 04:44:33.409] Target connection group #1 consists of target(s) [Budget_Phones, Midrange_Phones, Luxury_Phones]
WRITER_1_*_1> WRT_8003 [2021-11-25 04:44:33.409] Writer initialization complete.
READER_1_1_1> BLKR_16007 [2021-11-25 04:44:33.409] Reader run started.
WRITER_1_*_1> WRT_8005 [2021-11-25 04:44:33.409] Writer run started.
WRITER_1_*_1> WRT_8158 [2021-11-25 04:44:33.409] 

*****START LOAD SESSION*****

Load Start Time: Thu Nov 25 04:44:33 2021

Target tables:

     Budget_Phones
     Midrange_Phones
     Luxury_Phones


READER_1_1_1> RR_4010 [2021-11-25 04:44:33.409] SQ instance [Source] SQL Query [SELECT wOoJkjpNhU.Phones.Prod_ID, wOoJkjpNhU.Phones.Prod_Name, wOoJkjpNhU.Phones.Prod_Desc, wOoJkjpNhU.Phones.Prod_Price FROM wOoJkjpNhU.Phones]
READER_1_1_1> RR_4049 [2021-11-25 04:44:33.409] SQL Query issued to database : (Thu Nov 25 04:44:33 2021)
READER_1_1_1> RR_4050 [2021-11-25 04:44:33.571] First row returned from database to reader : (Thu Nov 25 04:44:33 2021)
READER_1_1_1> BLKR_16019 [2021-11-25 04:44:33.571] Read [100] rows, read [0] error rows for source table [Phones] instance name [Phones]
READER_1_1_1> BLKR_16008 [2021-11-25 04:44:33.571] Reader run completed.
TRANSF_1_1_1> DBG_21216 [2021-11-25 04:44:33.572] Finished transformations for Source Qualifier [Source]. Total errors [0] 
WRITER_1_*_1> WRT_8167 [2021-11-25 04:44:33.572] Start loading table [Budget_Phones] at: Thu Nov 25 04:44:33 2021
WRITER_1_*_1> WRT_8167 [2021-11-25 04:44:34.927] Start loading table [Midrange_Phones] at: Thu Nov 25 04:44:34 2021
WRITER_1_*_1> WRT_8167 [2021-11-25 04:44:36.719] Start loading table [Luxury_Phones] at: Thu Nov 25 04:44:36 2021
WRITER_1_*_1> WRT_8168 [2021-11-25 04:44:48.514] End loading table [Budget_Phones] at: Thu Nov 25 04:44:48 2021
WRITER_1_*_1> WRT_8141 [2021-11-25 04:44:48.669] 
Commit on end-of-data  Thu Nov 25 04:44:48 2021
===================================================

WRT_8036 Target: Budget_Phones (Instance Name: [Budget_Phones])
WRT_8038 Inserted rows - Requested: 9          Applied: 9          Rejected: 0          Affected: 9         

WRT_8036 Target: Midrange_Phones (Instance Name: [Midrange_Phones])
WRT_8038 Inserted rows - Requested: 12         Applied: 12         Rejected: 0          Affected: 12        

WRT_8036 Target: Luxury_Phones (Instance Name: [Luxury_Phones])
WRT_8038 Inserted rows - Requested: 79         Applied: 79         Rejected: 0          Affected: 79        

WRITER_1_*_1> WRT_8168 [2021-11-25 04:44:48.669] End loading table [Midrange_Phones] at: Thu Nov 25 04:44:48 2021
WRITER_1_*_1> WRT_8168 [2021-11-25 04:44:48.669] End loading table [Luxury_Phones] at: Thu Nov 25 04:44:48 2021
WRITER_1_*_1> WRT_8035 [2021-11-25 04:44:48.669] Load complete time: Thu Nov 25 04:44:48 2021

LOAD SUMMARY
============

WRT_8036 Target: Budget_Phones (Instance Name: [Budget_Phones])
WRT_8038 Inserted rows - Requested: 9          Applied: 9          Rejected: 0          Affected: 9         

WRT_8036 Target: Midrange_Phones (Instance Name: [Midrange_Phones])
WRT_8038 Inserted rows - Requested: 12         Applied: 12         Rejected: 0          Affected: 12        

WRT_8036 Target: Luxury_Phones (Instance Name: [Luxury_Phones])
WRT_8038 Inserted rows - Requested: 79         Applied: 79         Rejected: 0          Affected: 79        


WRITER_1_*_1> WRT_8043 [2021-11-25 04:44:48.669] *****END LOAD SESSION*****
WRITER_1_*_1> WRT_8006 [2021-11-25 04:44:48.824] Writer run completed.
MANAGER> PETL_24031 [2021-11-25 04:44:48.825] 
***** RUN INFO FOR TGT LOAD ORDER GROUP [1], CONCURRENT SET [1] *****
Thread [READER_1_1_1] created for [the read stage] of partition point [Source] has completed. The total run time was insufficient for any meaningful statistics.
Thread [TRANSF_1_1_1] created for [the transformation stage] of partition point [Source] has completed. The total run time was insufficient for any meaningful statistics.
Thread [WRITER_1_*_1] created for [the write stage] of partition point [Budget_Phones, Midrange_Phones, Luxury_Phones] has completed.
	Total Run Time = [15.251817] secs
	Total Idle Time = [0.000000] secs
	Busy Percentage = [100.000000]

MANAGER> PETL_24005 [2021-11-25 04:44:48.826] Starting post-session tasks. : (Thu Nov 25 04:44:48 2021)
POST-SESS> PETL_24091 [2021-11-25 04:44:48.826] Thread [POST-SESS] has the ID [8].
MANAGER> PETL_24029 [2021-11-25 04:44:48.826] Post-session task completed successfully. : (Thu Nov 25 04:44:48 2021)
MAPPING> TM_6018 [2021-11-25 04:44:48.827] The session completed with [0] row transformation errors. 
MANAGER> PETL_24002 [2021-11-25 04:44:49.316] Parallel Pipeline Engine finished.
DIRECTOR> PETL_24012 [2021-11-25 04:44:49.316] Session run completed successfully.
DIRECTOR> TM_6022 [2021-11-25 04:44:49.316] 

SESSION LOAD SUMMARY
================================================

DIRECTOR> TM_6252 [2021-11-25 04:44:49.316] Source Load Summary.
DIRECTOR> CMN_1740 [2021-11-25 04:44:49.316] Table: [Source] (Instance Name: [Source] Instance UI Name: [])
	 Output Rows [100], Affected Rows [100], Applied Rows [100], Rejected Rows [0]
DIRECTOR> TM_6253 [2021-11-25 04:44:49.316] Target Load Summary.
DIRECTOR> CMN_1740 [2021-11-25 04:44:49.316] Table: [Budget_Phones] (Instance Name: [Budget_Phones] Instance UI Name: [])
	 Output Rows [9], Affected Rows [9], Applied Rows [9], Rejected Rows [0]
DIRECTOR> CMN_1740 [2021-11-25 04:44:49.316] Table: [Midrange_Phones] (Instance Name: [Midrange_Phones] Instance UI Name: [])
	 Output Rows [12], Affected Rows [12], Applied Rows [12], Rejected Rows [0]
DIRECTOR> CMN_1740 [2021-11-25 04:44:49.316] Table: [Luxury_Phones] (Instance Name: [Luxury_Phones] Instance UI Name: [])
	 Output Rows [79], Affected Rows [79], Applied Rows [79], Rejected Rows [0]
DIRECTOR> TM_6023 [2021-11-25 04:44:49.316] 
===================================================

DIRECTOR> TM_6020 [2021-11-25 04:44:49.316] Session [s_mtt_01BTEW0Z000000000002] completed at [Thu Nov 25 04:44:49 2021].
